<?xml version="1.0" encoding="UTF-8"?>
<!-- Generated by org.testng.reporters.JUnitReportReporter -->
<testsuite hostname="DESKTOP-T9TR5J0" failures="0" tests="9" name="api.test.DDTests" time="15.041" errors="0" timestamp="2024-10-03T20:46:55 IST" skipped="0">
  <testcase classname="api.test.DDTests" name="testPostuser" time="1.433"/>
  <system-out/>
  <testcase classname="api.test.DDTests" name="testPostuser" time="4.356"/>
  <system-out/>
  <testcase classname="api.test.DDTests" name="testPostuser" time="1.285"/>
  <system-out/>
  <testcase classname="api.test.DDTests" name="testgetUserByName" time="1.264"/>
  <system-out/>
  <testcase classname="api.test.DDTests" name="testgetUserByName" time="1.418"/>
  <system-out/>
  <testcase classname="api.test.DDTests" name="testgetUserByName" time="1.314"/>
  <system-out/>
  <testcase classname="api.test.DDTests" name="testDeleteUserByName" time="1.372"/>
  <system-out/>
  <testcase classname="api.test.DDTests" name="testDeleteUserByName" time="1.229"/>
  <system-out/>
  <testcase classname="api.test.DDTests" name="testDeleteUserByName" time="1.370"/>
  <system-out/>
</testsuite> <!-- api.test.DDTests -->
