<?xml version="1.0" encoding="UTF-8"?>
<!-- Generated by org.testng.reporters.JUnitReportReporter -->
<testsuite hostname="DESKTOP-T9TR5J0" failures="0" tests="4" name="api.test.UserTests" time="13.142" errors="0" timestamp="2024-10-17T21:30:26 IST" skipped="0">
  <testcase classname="api.test.UserTests" name="testPostUser" time="7.574"/>
  <system-out/>
  <testcase classname="api.test.UserTests" name="testreaduser" time="1.419"/>
  <system-out/>
  <testcase classname="api.test.UserTests" name="testupdateUser" time="2.810"/>
  <system-out/>
  <testcase classname="api.test.UserTests" name="testdeleteuser" time="1.339"/>
  <system-out/>
</testsuite> <!-- api.test.UserTests -->
