<?xml version="1.0" encoding="UTF-8"?>
<!-- Generated by org.testng.reporters.JUnitReportReporter -->
<testsuite hostname="DESKTOP-T9TR5J0" failures="0" tests="4" name="api.test.UserTests2" time="8.937" errors="0" timestamp="2024-12-05T12:34:18 IST" skipped="0">
  <testcase classname="api.test.UserTests2" name="testPostUser" time="4.204"/>
  <system-out/>
  <testcase classname="api.test.UserTests2" name="testreaduser" time="1.174"/>
  <system-out/>
  <testcase classname="api.test.UserTests2" name="testupdateUser" time="2.393"/>
  <system-out/>
  <testcase classname="api.test.UserTests2" name="testdeleteuser" time="1.166"/>
  <system-out/>
</testsuite> <!-- api.test.UserTests2 -->
