<?xml version="1.0" encoding="UTF-8"?>
<!-- Generated by org.testng.reporters.JUnitReportReporter -->
<testsuite hostname="DESKTOP-T9TR5J0" failures="0" tests="4" name="api.test.UserTests2" time="14.284" errors="0" timestamp="2024-11-12T17:41:42 IST" skipped="0">
  <testcase classname="api.test.UserTests2" name="testPostUser" time="7.101"/>
  <system-out/>
  <testcase classname="api.test.UserTests2" name="testreaduser" time="1.421"/>
  <system-out/>
  <testcase classname="api.test.UserTests2" name="testupdateUser" time="2.823"/>
  <system-out/>
  <testcase classname="api.test.UserTests2" name="testdeleteuser" time="2.939"/>
  <system-out/>
</testsuite> <!-- api.test.UserTests2 -->
